1 590 1
1 592 2
1 594 3
1 596 4
1 598 5
2 366 1
2 368 2
2 379 3
2 381 4
2 383 5
3 309 1
3 327 2
3 330 3
3 333 4
3 339 5
4 300 1
4 302 2
4 319 3
4 321 4
4 323 5
5 259 1
5 265 2
5 281 3
5 299 4
5 305 5
6 256 1
6 262 2
6 286 3
6 292 4
6 298 5
7 249 1
7 255 2
7 276 3
7 282 4
7 296 5
8 238 1
8 244 2
8 271 3
8 277 4
8 291 5
9 221 1
9 251 2
9 275 3
9 281 4
9 287 5
10 229 1
10 235 2
10 261 3
10 279 4
10 285 5
11 236 1
11 242 2
11 266 3
11 272 4
11 286 5
12 210 1
12 242 2
12 265 3
12 271 4
12 285 5
13 212 1
13 248 2
13 254 3
13 270 4
13 284 5
14 218 1
14 224 2
14 254 3
14 269 4
14 283 5
15 185 1
15 224 2
15 254 3
15 268 4
15 282 5
16 188 1
16 225 2
16 260 3
16 266 4
16 280 5
17 191 1
17 241 2
17 265 3
17 271 4
17 277 5
18 193 1
18 241 2
18 265 3
18 271 4
18 277 5
19 194 1
19 246 2
19 252 3
19 270 4
19 276 5
20 199 1
20 205 2
20 251 3
20 269 4
20 275 5
21 215 1
21 221 2
21 256 3
21 262 4
21 276 5
22 215 1
22 221 2
22 256 3
22 262 4
22 276 5
23 158 1
23 220 2
23 255 3
23 261 4
23 275 5
24 159 1
24 220 2
24 255 3
24 261 4
24 275 5
25 160 1
25 220 2
25 255 3
25 261 4
25 275 5
26 161 1
26 220 2
26 255 3
26 261 4
26 275 5
27 162 1
27 220 2
27 255 3
27 261 4
27 275 5
28 163 1
28 220 2
28 255 3
28 261 4
28 275 5
29 164 1
29 220 2
29 255 3
29 261 4
29 275 5
30 165 1
30 220 2
30 255 3
30 261 4
30 275 5
40 177 1
40 183 2
40 230 3
40 259 4
40 273 5
60 105 1
60 182 2
60 229 3
60 258 4
60 272 5
80 105 1
80 182 2
80 229 3
80 258 4
80 272 5
100 105 1
100 182 2
100 229 3
100 258 4
100 272 5
150 105 1
150 182 2
150 229 3
150 258 4
150 272 5
200 105 1
200 182 2
200 229 3
200 258 4
200 272 5
500 105 1
500 182 2
500 229 3
500 258 4
500 272 5
1000 105 1
1000 182 2
1000 229 3
1000 258 4
1000 272 5
