1 590 1
1 592 2
1 594 3
1 596 4
1 598 5
2 370 1
2 372 2
2 374 3
2 376 4
2 380 5
3 304 1
3 324 2
3 328 3
3 332 4
3 342 5
4 306 1
4 308 2
4 312 3
4 316 4
4 320 5
5 280 1
5 285 2
5 299 3
5 303 4
5 311 5
6 254 1
6 281 2
6 285 3
6 289 4
6 302 5
7 263 1
7 266 2
7 270 3
7 288 4
7 292 5
8 270 1
8 272 2
8 276 3
8 280 4
8 293 5
9 227 1
9 237 2
9 262 3
9 275 4
9 288 5
10 231 1
10 241 2
10 269 3
10 273 4
10 286 5
11 217 1
11 249 2
11 274 3
11 278 4
11 282 5
12 222 1
12 232 2
12 258 3
12 276 4
12 280 5
13 225 1
13 235 2
13 258 3
13 276 4
13 280 5
14 183 1
14 237 2
14 257 3
14 275 4
14 279 5
15 188 1
15 240 2
15 263 3
15 267 4
15 280 5
16 193 1
16 241 2
16 263 3
16 267 4
16 280 5
17 198 1
17 208 2
17 251 3
17 265 4
17 278 5
18 199 1
18 209 2
18 252 3
18 265 4
18 278 5
19 200 1
19 210 2
19 253 3
19 271 4
19 275 5
20 201 1
20 211 2
20 253 3
20 271 4
20 275 5
21 139 1
21 211 2
21 252 3
21 270 4
21 274 5
22 141 1
22 212 2
22 252 3
22 270 4
22 274 5
23 143 1
23 213 2
23 252 3
23 270 4
23 274 5
24 145 1
24 214 2
24 252 3
24 270 4
24 274 5
25 147 1
25 215 2
25 252 3
25 270 4
25 274 5
26 149 1
26 216 2
26 252 3
26 270 4
26 274 5
27 151 1
27 217 2
27 252 3
27 270 4
27 274 5
28 153 1
28 218 2
28 252 3
28 270 4
28 274 5
29 155 1
29 219 2
29 252 3
29 270 4
29 274 5
30 157 1
30 220 2
30 258 3
30 262 4
30 275 5
40 165 1
40 175 2
40 229 3
40 260 4
40 273 5
60 84 1
60 174 2
60 228 3
60 259 4
60 272 5
80 84 1
80 174 2
80 228 3
80 259 4
80 272 5
100 84 1
100 174 2
100 228 3
100 259 4
100 272 5
150 84 1
150 174 2
150 228 3
150 259 4
150 272 5
200 84 1
200 174 2
200 228 3
200 259 4
200 272 5
500 84 1
500 174 2
500 228 3
500 259 4
500 272 5
1000 84 1
1000 174 2
1000 228 3
1000 259 4
1000 272 5
