1 .60000000000000000000
2 .40000000000000000000
3 2.00000000000000000000
4 2.60000000000000000000
5 2.60000000000000000000
6 .60000000000000000000
7 .20000000000000000000
8 2.40000000000000000000
9 1.40000000000000000000
10 0
11 2.40000000000000000000
12 2.60000000000000000000
13 1.20000000000000000000
14 2.40000000000000000000
15 0
16 2.40000000000000000000
17 1.40000000000000000000
18 0
19 1.00000000000000000000
20 .20000000000000000000
21 2.60000000000000000000
22 .20000000000000000000
23 .60000000000000000000
24 .80000000000000000000
25 .20000000000000000000
26 1.40000000000000000000
27 .60000000000000000000
28 2.60000000000000000000
29 2.20000000000000000000
30 2.00000000000000000000
31 1.00000000000000000000
32 1.20000000000000000000
33 .20000000000000000000
34 .60000000000000000000
35 .40000000000000000000
36 1.60000000000000000000
37 2.00000000000000000000
38 0
39 1.80000000000000000000
40 .60000000000000000000
41 .40000000000000000000
42 2.40000000000000000000
43 .60000000000000000000
44 0
45 2.40000000000000000000
46 2.20000000000000000000
47 .40000000000000000000
48 .60000000000000000000
49 1.20000000000000000000
50 0
51 1.20000000000000000000
52 4.20000000000000000000
53 2.20000000000000000000
54 1.60000000000000000000
55 1.60000000000000000000
56 2.80000000000000000000
57 .60000000000000000000
58 1.40000000000000000000
59 1.60000000000000000000
60 3.60000000000000000000
61 1.80000000000000000000
62 .60000000000000000000
63 3.20000000000000000000
64 0
65 .40000000000000000000
66 1.00000000000000000000
67 2.00000000000000000000
68 .20000000000000000000
69 3.00000000000000000000
70 2.60000000000000000000
71 .60000000000000000000
72 3.60000000000000000000
73 4.00000000000000000000
74 1.40000000000000000000
75 .40000000000000000000
76 1.20000000000000000000
77 .20000000000000000000
78 2.80000000000000000000
79 0
80 .60000000000000000000
81 1.00000000000000000000
82 1.40000000000000000000
83 1.00000000000000000000
84 .60000000000000000000
85 .60000000000000000000
86 .20000000000000000000
87 2.60000000000000000000
88 1.80000000000000000000
89 .40000000000000000000
90 .40000000000000000000
91 1.00000000000000000000
92 .60000000000000000000
93 .60000000000000000000
94 1.40000000000000000000
95 1.80000000000000000000
96 1.80000000000000000000
97 2.40000000000000000000
98 1.00000000000000000000
99 .40000000000000000000
100 1.20000000000000000000
